<?xml version="1.0" encoding="UTF-8"?>
<!-- Generated by org.testng.reporters.JUnitReportReporter -->
<testsuite hostname="Chethu" failures="0" tests="1" name="testcases.SearchAndBuyTest" time="46.889" errors="0" timestamp="2025-06-05T18:08:49 IST" skipped="0">
  <testcase classname="testcases.SearchAndBuyTest" name="searchAndBuyProduct" time="46.889"/>
</testsuite> <!-- testcases.SearchAndBuyTest -->
